<?xml version="1.0" encoding="UTF-8"?>
<!-- Generated by org.testng.reporters.JUnitReportReporter -->
<testsuite hostname="Babu" failures="0" tests="7" name="com.obs.tests.StockModelsTest" time="9.262" errors="0" timestamp="2022-07-08T10:51:06 IST" skipped="6">
  <testcase classname="com.obs.tests.StockModelsTest" name="verifyDeleteModel" time="9.262"/>
  <system-out/>
  <testcase classname="com.obs.tests.StockModelsTest" name="addModel">
    <skipped/>
  </testcase> <!-- addModel -->
  <system-out/>
  <testcase classname="com.obs.tests.StockModelsTest" name="verifyModelSearch">
    <skipped/>
  </testcase> <!-- verifyModelSearch -->
  <system-out/>
  <testcase classname="com.obs.tests.StockModelsTest" name="verifyAddModelCloseButton">
    <skipped/>
  </testcase> <!-- verifyAddModelCloseButton -->
  <system-out/>
  <testcase classname="com.obs.tests.StockModelsTest" name="verifyAddModelGoBackButton">
    <skipped/>
  </testcase> <!-- verifyAddModelGoBackButton -->
  <system-out/>
  <testcase classname="com.obs.tests.StockModelsTest" name="editModel">
    <skipped/>
  </testcase> <!-- editModel -->
  <system-out/>
  <testcase classname="com.obs.tests.StockModelsTest" name="VerifyFieldsAreDisplayed">
    <skipped/>
  </testcase> <!-- VerifyFieldsAreDisplayed -->
  <system-out/>
</testsuite> <!-- com.obs.tests.StockModelsTest -->
