<?xml version="1.0" encoding="UTF-8"?>
<!-- Generated by org.testng.reporters.JUnitReportReporter -->
<testsuite hostname="Babu" failures="0" tests="7" name="com.obs.tests.StockModelsTest" time="6.299" errors="0" timestamp="2022-07-14T16:18:17 IST" skipped="6">
  <testcase classname="com.obs.tests.StockModelsTest" name="VerifyFieldsAreDisplayed" time="6.299"/>
  <system-out/>
  <testcase classname="com.obs.tests.StockModelsTest" name="verifyModelSearch">
    <skipped/>
  </testcase> <!-- verifyModelSearch -->
  <system-out/>
  <testcase classname="com.obs.tests.StockModelsTest" name="verifyAddModelGoBackButton">
    <skipped/>
  </testcase> <!-- verifyAddModelGoBackButton -->
  <system-out/>
  <testcase classname="com.obs.tests.StockModelsTest" name="addModel">
    <skipped/>
  </testcase> <!-- addModel -->
  <system-out/>
  <testcase classname="com.obs.tests.StockModelsTest" name="verifyDeleteModel">
    <skipped/>
  </testcase> <!-- verifyDeleteModel -->
  <system-out/>
  <testcase classname="com.obs.tests.StockModelsTest" name="editModel">
    <skipped/>
  </testcase> <!-- editModel -->
  <system-out/>
  <testcase classname="com.obs.tests.StockModelsTest" name="verifyAddModelCloseButton">
    <skipped/>
  </testcase> <!-- verifyAddModelCloseButton -->
  <system-out/>
</testsuite> <!-- com.obs.tests.StockModelsTest -->
