<?xml version="1.0" encoding="UTF-8"?>
<!-- Generated by org.testng.reporters.JUnitReportReporter -->
<testsuite hostname="Babu" failures="0" tests="9" name="com.obs.tests.ViewStockTest" time="6.709" errors="0" timestamp="2022-07-14T16:18:17 IST" skipped="8">
  <testcase classname="com.obs.tests.ViewStockTest" name="validateViewStockFields" time="6.709"/>
  <system-out/>
  <testcase classname="com.obs.tests.ViewStockTest" name="inventorySearchValidAndInvalid">
    <skipped/>
  </testcase> <!-- inventorySearchValidAndInvalid -->
  <system-out/>
  <testcase classname="com.obs.tests.ViewStockTest" name="verifyAddAndImportProductRedirection">
    <skipped/>
  </testcase> <!-- verifyAddAndImportProductRedirection -->
  <system-out/>
  <testcase classname="com.obs.tests.ViewStockTest" name="verifyDisplayAndValidationOfSubList">
    <skipped/>
  </testcase> <!-- verifyDisplayAndValidationOfSubList -->
  <system-out/>
  <testcase classname="com.obs.tests.ViewStockTest" name="verifyClickOnInventoryShowDetails">
    <skipped/>
  </testcase> <!-- verifyClickOnInventoryShowDetails -->
  <system-out/>
  <testcase classname="com.obs.tests.ViewStockTest" name="verifyErrorOnClickOfPrintAndExport">
    <skipped/>
  </testcase> <!-- verifyErrorOnClickOfPrintAndExport -->
  <system-out/>
  <testcase classname="com.obs.tests.ViewStockTest" name="verifyTableActionSubList">
    <skipped/>
  </testcase> <!-- verifyTableActionSubList -->
  <system-out/>
  <testcase classname="com.obs.tests.ViewStockTest" name="verifyTableRowActionSublistDisplayed">
    <skipped/>
  </testcase> <!-- verifyTableRowActionSublistDisplayed -->
  <system-out/>
  <testcase classname="com.obs.tests.ViewStockTest" name="verifyDeleteProductShowsAlertAndErrorMsg">
    <skipped/>
  </testcase> <!-- verifyDeleteProductShowsAlertAndErrorMsg -->
  <system-out/>
</testsuite> <!-- com.obs.tests.ViewStockTest -->
