<?xml version="1.0" encoding="UTF-8"?>
<!-- Generated by org.testng.reporters.JUnitReportReporter -->
<testsuite hostname="Babu" failures="0" tests="4" name="com.obs.tests.ManufacturersTest" time="7.374" errors="0" timestamp="2022-07-14T16:18:17 IST" skipped="3">
  <testcase classname="com.obs.tests.ManufacturersTest" name="validateManufacturerPageFields" time="7.374"/>
  <system-out/>
  <testcase classname="com.obs.tests.ManufacturersTest" name="verifySearchManufacturer">
    <skipped/>
  </testcase> <!-- verifySearchManufacturer -->
  <system-out/>
  <testcase classname="com.obs.tests.ManufacturersTest" name="verifyEditManufacturer">
    <skipped/>
  </testcase> <!-- verifyEditManufacturer -->
  <system-out/>
  <testcase classname="com.obs.tests.ManufacturersTest" name="verifyDeleteManufacturer">
    <skipped/>
  </testcase> <!-- verifyDeleteManufacturer -->
  <system-out/>
</testsuite> <!-- com.obs.tests.ManufacturersTest -->
