<?xml version="1.0" encoding="UTF-8"?>
<!-- Generated by org.testng.reporters.JUnitReportReporter -->
<testsuite hostname="Babu" failures="0" tests="9" name="com.obs.tests.ViewStockTest" time="25.546" errors="0" timestamp="2022-07-08T14:31:43 IST" skipped="8">
  <testcase classname="com.obs.tests.ViewStockTest" name="verifyClickOnInventoryShowDetails" time="25.546"/>
  <system-out/>
  <testcase classname="com.obs.tests.ViewStockTest" name="verifyTableRowActionSublistDisplayed">
    <skipped/>
  </testcase> <!-- verifyTableRowActionSublistDisplayed -->
  <system-out/>
  <testcase classname="com.obs.tests.ViewStockTest" name="verifyErrorOnClickOfPrintAndExport">
    <skipped/>
  </testcase> <!-- verifyErrorOnClickOfPrintAndExport -->
  <system-out/>
  <testcase classname="com.obs.tests.ViewStockTest" name="inventorySearchValidAndInvalid">
    <skipped/>
  </testcase> <!-- inventorySearchValidAndInvalid -->
  <system-out/>
  <testcase classname="com.obs.tests.ViewStockTest" name="verifyDeleteProductShowsAlertAndErrorMsg">
    <skipped/>
  </testcase> <!-- verifyDeleteProductShowsAlertAndErrorMsg -->
  <system-out/>
  <testcase classname="com.obs.tests.ViewStockTest" name="verifyTableActionSubList">
    <skipped/>
  </testcase> <!-- verifyTableActionSubList -->
  <system-out/>
  <testcase classname="com.obs.tests.ViewStockTest" name="verifyAddAndImportProductRedirection">
    <skipped/>
  </testcase> <!-- verifyAddAndImportProductRedirection -->
  <system-out/>
  <testcase classname="com.obs.tests.ViewStockTest" name="validateViewStockFields">
    <skipped/>
  </testcase> <!-- validateViewStockFields -->
  <system-out/>
  <testcase classname="com.obs.tests.ViewStockTest" name="verifyDisplayAndValidationOfSubList">
    <skipped/>
  </testcase> <!-- verifyDisplayAndValidationOfSubList -->
  <system-out/>
</testsuite> <!-- com.obs.tests.ViewStockTest -->
