<?xml version="1.0" encoding="UTF-8"?>
<!-- Generated by org.testng.reporters.JUnitReportReporter -->
<testsuite hostname="Babu" failures="0" tests="8" name="com.obs.tests.LoginTest" time="17.328" errors="0" timestamp="2022-07-14T16:18:17 IST" skipped="0">
  <testcase classname="com.obs.tests.LoginTest" name="verifyURLandTitle" time="0.047"/>
  <system-out/>
  <testcase classname="com.obs.tests.LoginTest" name="validateLoginPageFields" time="0.210"/>
  <system-out/>
  <testcase classname="com.obs.tests.LoginTest" name="verifyForgetPwdAndBackToLogin" time="1.446"/>
  <system-out/>
  <testcase classname="com.obs.tests.LoginTest" name="verifyAllLogin" time="8.928"/>
  <system-out/>
  <testcase classname="com.obs.tests.LoginTest" name="verifyAllLogin" time="1.826"/>
  <system-out/>
  <testcase classname="com.obs.tests.LoginTest" name="verifyAllLogin" time="1.550"/>
  <system-out/>
  <testcase classname="com.obs.tests.LoginTest" name="verifyAllLogin" time="2.331"/>
  <system-out/>
  <testcase classname="com.obs.tests.LoginTest" name="verifyAllLogin" time="0.990"/>
  <system-out/>
</testsuite> <!-- com.obs.tests.LoginTest -->
