<?xml version="1.0" encoding="UTF-8"?>
<!-- Generated by org.testng.reporters.JUnitReportReporter -->
<testsuite hostname="Babu" failures="0" tests="3" name="com.obs.tests.AddProductTest" time="13.770" errors="0" timestamp="2022-07-14T16:18:17 IST" skipped="1">
  <testcase classname="com.obs.tests.AddProductTest" name="validateAddProductFileds" time="7.127"/>
  <system-out/>
  <testcase classname="com.obs.tests.AddProductTest" name="verifyErrorMessage" time="6.643"/>
  <system-out/>
  <testcase classname="com.obs.tests.AddProductTest" name="verifyAddProduct">
    <skipped/>
  </testcase> <!-- verifyAddProduct -->
  <system-out/>
</testsuite> <!-- com.obs.tests.AddProductTest -->
