<?xml version="1.0" encoding="UTF-8"?>
<!-- Generated by org.testng.reporters.JUnitReportReporter -->
<testsuite hostname="Babu" failures="0" tests="4" name="com.obs.tests.HomePageTest" time="31.874" errors="0" timestamp="2022-07-14T16:18:17 IST" skipped="1">
  <testcase classname="com.obs.tests.HomePageTest" name="validateHomePage" time="3.541"/>
  <system-out/>
  <testcase classname="com.obs.tests.HomePageTest" name="verifySearchWithValidData" time="21.229"/>
  <system-out/>
  <testcase classname="com.obs.tests.HomePageTest" name="verifyStockSublist" time="7.104"/>
  <system-out/>
  <testcase classname="com.obs.tests.HomePageTest" name="verifySearchWithInvalidData">
    <skipped/>
  </testcase> <!-- verifySearchWithInvalidData -->
  <system-out/>
</testsuite> <!-- com.obs.tests.HomePageTest -->
