<?xml version="1.0" encoding="UTF-8"?>
<!-- Generated by org.testng.reporters.JUnitReportReporter -->
<testsuite hostname="Babu" failures="0" tests="3" name="com.obs.tests.AddProductTest" time="14.319" errors="0" timestamp="2022-07-07T15:26:02 IST" skipped="2">
  <testcase classname="com.obs.tests.AddProductTest" name="verifyErrorMessage" time="14.319"/>
  <system-out/>
  <testcase classname="com.obs.tests.AddProductTest" name="verifyAddProduct">
    <skipped/>
  </testcase> <!-- verifyAddProduct -->
  <system-out/>
  <testcase classname="com.obs.tests.AddProductTest" name="validateAddProductFileds">
    <skipped/>
  </testcase> <!-- validateAddProductFileds -->
  <system-out/>
</testsuite> <!-- com.obs.tests.AddProductTest -->
